ERROR - 2026-05-06 08:32:10 --> Error connecting to the database: mysqli_sql_exception: No such file or directory in /opt/lampp/htdocs/WEB_DIR/S4/Examen/si_regime_alimentaire/src/system/Database/MySQLi/Connection.php:201
Stack trace:
#0 /opt/lampp/htdocs/WEB_DIR/S4/Examen/si_regime_alimentaire/src/system/Database/MySQLi/Connection.php(201): mysqli->real_connect()
#1 /opt/lampp/htdocs/WEB_DIR/S4/Examen/si_regime_alimentaire/src/system/Database/BaseConnection.php(555): CodeIgniter\Database\MySQLi\Connection->connect()
#2 /opt/lampp/htdocs/WEB_DIR/S4/Examen/si_regime_alimentaire/src/system/Database/BaseConnection.php(795): CodeIgniter\Database\BaseConnection->initialize()
#3 /opt/lampp/htdocs/WEB_DIR/S4/Examen/si_regime_alimentaire/src/system/Database/BaseConnection.php(1706): CodeIgniter\Database\BaseConnection->query()
#4 /opt/lampp/htdocs/WEB_DIR/S4/Examen/si_regime_alimentaire/src/system/Database/BaseConnection.php(1726): CodeIgniter\Database\BaseConnection->listTables()
#5 /opt/lampp/htdocs/WEB_DIR/S4/Examen/si_regime_alimentaire/src/system/Database/MigrationRunner.php(821): CodeIgniter\Database\BaseConnection->tableExists()
#6 /opt/lampp/htdocs/WEB_DIR/S4/Examen/si_regime_alimentaire/src/system/Database/MigrationRunner.php(173): CodeIgniter\Database\MigrationRunner->ensureTable()
#7 /opt/lampp/htdocs/WEB_DIR/S4/Examen/si_regime_alimentaire/src/system/Commands/Database/Migrate.php(89): CodeIgniter\Database\MigrationRunner->latest()
#8 /opt/lampp/htdocs/WEB_DIR/S4/Examen/si_regime_alimentaire/src/system/CLI/SignalTrait.php(245): CodeIgniter\Commands\Database\Migrate::{closure:CodeIgniter\Commands\Database\Migrate::run():88}()
#9 /opt/lampp/htdocs/WEB_DIR/S4/Examen/si_regime_alimentaire/src/system/Commands/Database/Migrate.php(88): CodeIgniter\Commands\Database\Migrate->withSignalsBlocked()
#10 /opt/lampp/htdocs/WEB_DIR/S4/Examen/si_regime_alimentaire/src/system/CLI/Commands.php(74): CodeIgniter\Commands\Database\Migrate->run()
#11 /opt/lampp/htdocs/WEB_DIR/S4/Examen/si_regime_alimentaire/src/system/CLI/Console.php(47): CodeIgniter\CLI\Commands->run()
#12 /opt/lampp/htdocs/WEB_DIR/S4/Examen/si_regime_alimentaire/src/system/Boot.php(442): CodeIgniter\CLI\Console->run()
#13 /opt/lampp/htdocs/WEB_DIR/S4/Examen/si_regime_alimentaire/src/system/Boot.php(166): CodeIgniter\Boot::runCommand()
#14 /opt/lampp/htdocs/WEB_DIR/S4/Examen/si_regime_alimentaire/src/spark(87): CodeIgniter\Boot::bootSpark()
#15 {main}

Next CodeIgniter\Database\Exceptions\DatabaseException: No such file or directory in /opt/lampp/htdocs/WEB_DIR/S4/Examen/si_regime_alimentaire/src/system/Database/MySQLi/Connection.php:231
Stack trace:
#0 /opt/lampp/htdocs/WEB_DIR/S4/Examen/si_regime_alimentaire/src/system/Database/BaseConnection.php(555): CodeIgniter\Database\MySQLi\Connection->connect()
#1 /opt/lampp/htdocs/WEB_DIR/S4/Examen/si_regime_alimentaire/src/system/Database/BaseConnection.php(795): CodeIgniter\Database\BaseConnection->initialize()
#2 /opt/lampp/htdocs/WEB_DIR/S4/Examen/si_regime_alimentaire/src/system/Database/BaseConnection.php(1706): CodeIgniter\Database\BaseConnection->query()
#3 /opt/lampp/htdocs/WEB_DIR/S4/Examen/si_regime_alimentaire/src/system/Database/BaseConnection.php(1726): CodeIgniter\Database\BaseConnection->listTables()
#4 /opt/lampp/htdocs/WEB_DIR/S4/Examen/si_regime_alimentaire/src/system/Database/MigrationRunner.php(821): CodeIgniter\Database\BaseConnection->tableExists()
#5 /opt/lampp/htdocs/WEB_DIR/S4/Examen/si_regime_alimentaire/src/system/Database/MigrationRunner.php(173): CodeIgniter\Database\MigrationRunner->ensureTable()
#6 /opt/lampp/htdocs/WEB_DIR/S4/Examen/si_regime_alimentaire/src/system/Commands/Database/Migrate.php(89): CodeIgniter\Database\MigrationRunner->latest()
#7 /opt/lampp/htdocs/WEB_DIR/S4/Examen/si_regime_alimentaire/src/system/CLI/SignalTrait.php(245): CodeIgniter\Commands\Database\Migrate::{closure:CodeIgniter\Commands\Database\Migrate::run():88}()
#8 /opt/lampp/htdocs/WEB_DIR/S4/Examen/si_regime_alimentaire/src/system/Commands/Database/Migrate.php(88): CodeIgniter\Commands\Database\Migrate->withSignalsBlocked()
#9 /opt/lampp/htdocs/WEB_DIR/S4/Examen/si_regime_alimentaire/src/system/CLI/Commands.php(74): CodeIgniter\Commands\Database\Migrate->run()
#10 /opt/lampp/htdocs/WEB_DIR/S4/Examen/si_regime_alimentaire/src/system/CLI/Console.php(47): CodeIgniter\CLI\Commands->run()
#11 /opt/lampp/htdocs/WEB_DIR/S4/Examen/si_regime_alimentaire/src/system/Boot.php(442): CodeIgniter\CLI\Console->run()
#12 /opt/lampp/htdocs/WEB_DIR/S4/Examen/si_regime_alimentaire/src/system/Boot.php(166): CodeIgniter\Boot::runCommand()
#13 /opt/lampp/htdocs/WEB_DIR/S4/Examen/si_regime_alimentaire/src/spark(87): CodeIgniter\Boot::bootSpark()
#14 {main}
